<mxfile userAgent="Mozilla/5.0 (Macintosh; Intel Mac OS X 10_12_6) AppleWebKit/604.3.5 (KHTML, like Gecko) Version/11.0.1 Safari/604.3.5" version="7.7.1" editor="www.draw.io" type="github"><diagram id="4cfe7e1b-8bdb-931f-59e9-8498b663293e" name="Page-1">dZHBEoIgEIafhrtCk3U2q0snD51JEJmQdRBH6+nTwIyxuLB8/+7+sCCS1sPJ0Ka6AOMK4YgNiBwQxjGJtuM2kYcjycYDYSTzSQvI5ZN7GHnaScbbINECKCubEBagNS9swKgx0IdpJajQtaGCr0BeULWmV8ls5Wm83S/CmUtReesdTpxwo8VdGOi090OYlO/l5JrOvfxD24oy6L8QyRBJDYB1UT2kXE2zncfm6o5/1M+9Ddf2R8EYLL3HQ/CBJHsB</diagram></mxfile>